{"level":"info","message":{"ip":"::1","method":"GET","path":"/api/v1/devices","userAgent":"Mozilla/5.0 (Macintosh; Intel Mac OS X 10_15_7) AppleWebKit/537.36 (KHTML, like Gecko) Chrome/137.0.0.0 Safari/537.36"},"timestamp":"2025-06-17T15:46:02.774Z"}
{"level":"info","message":{"ip":"::1","method":"GET","path":"/api/v1/devices","userAgent":"Mozilla/5.0 (Macintosh; Intel Mac OS X 10_15_7) AppleWebKit/537.36 (KHTML, like Gecko) Chrome/137.0.0.0 Safari/537.36"},"timestamp":"2025-06-17T15:46:05.766Z"}
{"level":"info","message":{"ip":"::1","method":"GET","path":"/api/v1/users/me","userAgent":"Mozilla/5.0 (Macintosh; Intel Mac OS X 10_15_7) AppleWebKit/537.36 (KHTML, like Gecko) Chrome/137.0.0.0 Safari/537.36"},"timestamp":"2025-06-17T15:46:08.352Z"}
{"level":"info","message":{"ip":"::1","method":"GET","path":"/api/v1/devices","userAgent":"Mozilla/5.0 (Macintosh; Intel Mac OS X 10_15_7) AppleWebKit/537.36 (KHTML, like Gecko) Chrome/137.0.0.0 Safari/537.36"},"timestamp":"2025-06-17T15:50:20.320Z"}
{"level":"info","message":{"ip":"::1","method":"GET","path":"/api/v1/dashboard/device/684b0814b519347611d18a04","userAgent":"Mozilla/5.0 (Macintosh; Intel Mac OS X 10_15_7) AppleWebKit/537.36 (KHTML, like Gecko) Chrome/137.0.0.0 Safari/537.36"},"timestamp":"2025-06-17T15:50:21.252Z"}
{"level":"warn","message":"Rota não encontrada: GET /api/v1/users/684add43c5680029b660a998","timestamp":"2025-06-17T16:15:31.907Z"}
{"level":"warn","message":"Rota não encontrada: GET /api/v1/users/684add43c5680029b660a998","timestamp":"2025-06-17T16:15:38.411Z"}
{"level":"warn","message":"Rota não encontrada: GET /api/v1/users/68519690d9fb412f19223c0f","timestamp":"2025-06-17T16:23:52.641Z"}
{"level":"warn","message":"Rota não encontrada: GET /api/v1/users/68519690d9fb412f19223c0f","timestamp":"2025-06-17T16:23:55.828Z"}
{"level":"warn","message":"Rota não encontrada: GET /api/v1/users/68519690d9fb412f19223c0f","timestamp":"2025-06-17T16:24:11.236Z"}
{"level":"warn","message":"Rota não encontrada: GET /api/v1/users/68519690d9fb412f19223c0f","timestamp":"2025-06-17T16:25:21.465Z"}
{"level":"warn","message":"Rota não encontrada: GET /api/v1/users/68519690d9fb412f19223c0f","timestamp":"2025-06-17T16:25:27.256Z"}
{"level":"warn","message":"Rota não encontrada: GET /api/v1/users/68519690d9fb412f19223c0f","timestamp":"2025-06-17T16:26:03.572Z"}
{"level":"warn","message":"Rota não encontrada: GET /api/v1/api/users/68519690d9fb412f19223c0f","timestamp":"2025-06-17T16:27:30.529Z"}
{"level":"warn","message":"Rota não encontrada: GET /api/v1/api/users/68519690d9fb412f19223c0f","timestamp":"2025-06-17T16:30:33.434Z"}
{"level":"warn","message":"Rota não encontrada: GET /api/v1/v1/users/68519690d9fb412f19223c0f","timestamp":"2025-06-17T16:32:01.985Z"}
{"level":"warn","message":"Rota não encontrada: GET /api/v1/v1/users/68519690d9fb412f19223c0f","timestamp":"2025-06-17T16:32:21.023Z"}
{"level":"warn","message":"Rota não encontrada: GET /favicon.ico","timestamp":"2025-06-17T16:32:21.141Z"}
{"level":"warn","message":"Rota não encontrada: GET /api/v1/users/68519690d9fb412f19223c0f","timestamp":"2025-06-17T16:33:09.776Z"}
{"level":"warn","message":"Rota não encontrada: GET /api/v1/users/68519690d9fb412f19223c0f","timestamp":"2025-06-17T16:33:38.752Z"}
{"level":"warn","message":"Rota não encontrada: GET /api/v1/v1/users/68519690d9fb412f19223c0f","timestamp":"2025-06-17T16:33:48.626Z"}
{"level":"warn","message":"Rota não encontrada: GET /api/v1/users/68519690d9fb412f19223c0f","timestamp":"2025-06-17T16:34:07.044Z"}
{"level":"warn","message":"Rota não encontrada: GET /api/v1/api/v1/users/68519690d9fb412f19223c0f","timestamp":"2025-06-17T16:35:37.909Z"}
{"level":"warn","message":"Rota não encontrada: GET /api/v1/api/v1/users/684add43c5680029b660a998","timestamp":"2025-06-17T16:35:44.918Z"}
{"level":"warn","message":"Rota não encontrada: GET /api/v1/users/68519690d9fb412f19223c0f","timestamp":"2025-06-17T16:39:35.789Z"}
{"level":"warn","message":"Rota não encontrada: GET /api/users/68519690d9fb412f19223c0f","timestamp":"2025-06-17T16:39:53.262Z"}
{"level":"warn","message":"Rota não encontrada: GET /api/users/68519690d9fb412f19223c0f","timestamp":"2025-06-17T16:39:55.073Z"}
{"level":"warn","message":"Rota não encontrada: GET /users/68519690d9fb412f19223c0f","timestamp":"2025-06-17T16:45:37.025Z"}
{"level":"warn","message":"Rota não encontrada: GET /users/68519690d9fb412f19223c0f","timestamp":"2025-06-17T16:45:39.818Z"}
{"level":"warn","message":"Rota não encontrada: GET /api/v1/users/68519690d9fb412f19223c0f","timestamp":"2025-06-17T16:46:12.877Z"}
{"level":"warn","message":"Rota não encontrada: GET /api/v1/users/68519690d9fb412f19223c0f","timestamp":"2025-06-17T16:47:44.013Z"}
{"level":"warn","message":"Rota não encontrada: GET /api/v1/devices/684b0814b519347611d18a04/readings","timestamp":"2025-06-17T17:13:56.452Z"}
{"level":"warn","message":"Rota não encontrada: GET /api/v1/devices/684b0814b519347611d18a04/readings","timestamp":"2025-06-17T17:13:57.848Z"}
{"level":"warn","message":"Rota não encontrada: GET /api/v1/devices/684b0814b519347611d18a04/readings","timestamp":"2025-06-17T17:14:02.266Z"}
{"level":"warn","message":"Rota não encontrada: GET /api/v1/devices/684b0814b519347611d18a04/readings","timestamp":"2025-06-17T17:14:04.347Z"}
{"level":"warn","message":"Rota não encontrada: GET /api/v1/devices/684b0814b519347611d18a04/readings","timestamp":"2025-06-17T17:14:20.841Z"}
{"level":"warn","message":"Rota não encontrada: GET /api/v1/devices/684b0814b519347611d18a04/readings","timestamp":"2025-06-17T17:14:26.456Z"}
{"level":"warn","message":"Rota não encontrada: GET /api/v1/devices/684b0814b519347611d18a04/readings","timestamp":"2025-06-17T17:14:28.376Z"}
{"level":"warn","message":"Rota não encontrada: GET /api/v1/devices/684b0814b519347611d18a04/readings","timestamp":"2025-06-17T17:14:31.111Z"}
{"level":"warn","message":"Rota não encontrada: GET /api/v1/devices/684b0814b519347611d18a04/readings","timestamp":"2025-06-17T17:14:32.455Z"}
{"level":"warn","message":"Rota não encontrada: GET /api/v1/devices/684b0814b519347611d18a04/readings","timestamp":"2025-06-17T17:14:37.331Z"}
{"level":"warn","message":"Rota não encontrada: GET /api/v1/devices/684b0814b519347611d18a04/readings","timestamp":"2025-06-17T17:14:39.030Z"}
{"level":"warn","message":"Rota não encontrada: GET /api/v1/devices/684b0814b519347611d18a04/readings","timestamp":"2025-06-17T17:14:45.021Z"}
{"level":"warn","message":"Rota não encontrada: GET /api/v1/devices/684b0814b519347611d18a04/readings","timestamp":"2025-06-17T17:14:46.520Z"}
{"level":"warn","message":"Rota não encontrada: GET /api/v1/devices/684b0814b519347611d18a04/readings","timestamp":"2025-06-17T17:14:48.488Z"}
{"level":"warn","message":"Rota não encontrada: GET /api/v1/devices/684b0814b519347611d18a04/readings","timestamp":"2025-06-17T17:15:23.764Z"}
{"level":"warn","message":"Rota não encontrada: GET /api/v1/devices/684b0814b519347611d18a04/readings","timestamp":"2025-06-17T17:15:38.414Z"}
{"level":"warn","message":"Rota não encontrada: GET /api/v1/devices/684b0814b519347611d18a04/readings","timestamp":"2025-06-17T17:15:42.759Z"}
{"level":"warn","message":"Rota não encontrada: GET /api/v1/devices/684b0814b519347611d18a04/readings","timestamp":"2025-06-17T17:15:45.262Z"}
{"level":"warn","message":"Rota não encontrada: GET /api/v1/devices/684b0814b519347611d18a04/readings","timestamp":"2025-06-17T17:15:50.074Z"}
{"level":"warn","message":"Rota não encontrada: GET /api/v1/devices/684b0814b519347611d18a04/readings","timestamp":"2025-06-17T17:15:51.023Z"}
{"level":"warn","message":"Rota não encontrada: GET /api/v1/devices/684b0814b519347611d18a04/readings","timestamp":"2025-06-17T17:15:52.279Z"}
{"level":"warn","message":"Rota não encontrada: GET /api/v1/devices/684b0814b519347611d18a04/readings","timestamp":"2025-06-17T17:16:35.290Z"}
{"level":"warn","message":"Rota não encontrada: GET /api/v1/devices/684b0814b519347611d18a04/readings","timestamp":"2025-06-17T17:16:36.216Z"}
{"level":"warn","message":"Rota não encontrada: GET /api/v1/dashboard/device/684b0814b519347611d18a04/readings","timestamp":"2025-06-17T17:16:42.918Z"}
{"level":"warn","message":"Rota não encontrada: GET /api/v1/devices/684b0814b519347611d18a04/readings","timestamp":"2025-06-17T17:17:18.348Z"}
{"level":"warn","message":"Rota não encontrada: GET /api/v1/devices/684b0814b519347611d18a04/readings","timestamp":"2025-06-17T17:17:19.413Z"}
{"level":"warn","message":"Rota não encontrada: GET /api/v1/devices/684b0814b519347611d18a04/readings","timestamp":"2025-06-17T17:17:22.720Z"}
{"level":"warn","message":"Rota não encontrada: GET /api/v1/devices/684b0814b519347611d18a04/readings","timestamp":"2025-06-17T17:19:10.599Z"}
{"level":"warn","message":"Rota não encontrada: GET /api/v1/devices/684b0814b519347611d18a04/readings","timestamp":"2025-06-17T17:19:13.811Z"}
{"level":"warn","message":"Rota não encontrada: GET /api/v1/devices/684b0814b519347611d18a04/readings","timestamp":"2025-06-17T17:19:20.370Z"}
{"level":"warn","message":"Rota não encontrada: GET /api/v1/devices/684b0814b519347611d18a04/readings","timestamp":"2025-06-17T17:19:30.961Z"}
{"level":"warn","message":"Rota não encontrada: GET /api/v1/devices/684b0814b519347611d18a04/readings","timestamp":"2025-06-17T17:20:56.699Z"}
{"level":"warn","message":"Rota não encontrada: GET /api/v1/devices/684b0814b519347611d18a04/readings","timestamp":"2025-06-17T17:21:05.087Z"}
{"level":"warn","message":"Rota não encontrada: GET /api/v1/devices/684b0814b519347611d18a04/readings","timestamp":"2025-06-17T17:21:05.546Z"}
{"level":"warn","message":"Rota não encontrada: GET /api/v1/devices/684b0814b519347611d18a04/readings","timestamp":"2025-06-17T17:22:04.685Z"}
{"level":"warn","message":"Rota não encontrada: GET /api/v1/devices/684b0814b519347611d18a04/readings","timestamp":"2025-06-17T17:22:20.184Z"}
{"level":"warn","message":"Rota não encontrada: GET /api/v1/devices/684b0814b519347611d18a04/readings","timestamp":"2025-06-17T17:22:42.931Z"}
{"level":"warn","message":"Rota não encontrada: GET /api/v1/devices/684b0814b519347611d18a04/readings","timestamp":"2025-06-17T17:22:44.098Z"}
{"level":"warn","message":"Rota não encontrada: GET /api/v1/devices/684b0814b519347611d18a04/readings","timestamp":"2025-06-17T17:22:52.634Z"}
{"level":"warn","message":"Rota não encontrada: GET /api/v1/devices/684b0814b519347611d18a04/readings","timestamp":"2025-06-17T17:24:43.712Z"}
{"level":"warn","message":"Rota não encontrada: GET /api/v1/devices/684b0814b519347611d18a04/readings","timestamp":"2025-06-17T17:24:45.758Z"}
{"level":"warn","message":"Rota não encontrada: GET /favicon.ico","timestamp":"2025-06-18T13:41:01.272Z"}
